<?xml version="1.0" encoding="UTF-8"?>
<!-- Generated by org.testng.reporters.JUnitReportReporter -->
<testsuite hostname="DESKTOP-8273O3C" failures="0" tests="1" name="com.ghali.tests.FuctionalTests" time="19.696" errors="0" timestamp="26 May 2020 12:20:33 GMT" skipped="0">
  <testcase classname="com.ghali.tests.FuctionalTests" name="LoginTest" time="19.696"/>
</testsuite> <!-- com.ghali.tests.FuctionalTests -->
